# JRE version: Java(TM) SE Runtime Environment (8.0_25-b17) (build 1.8.0_25-b17)
# Java VM: Java HotSpot(TM) 64-Bit Server VM (25.25-b02 mixed mode bsd-amd64 compressed oops)
Heap:
 PSYoungGen      total 203264K, used 154331K [0x00000007b0000000, 0x00000007c0000000, 0x00000007c0000000)
  eden space 154624K, 70% used [0x00000007b0000000,0x00000007b6a6dc88,0x00000007b9700000)
  from space 48640K, 93% used [0x00000007bd080000,0x00000007bfcc92c0,0x00000007c0000000)
  to   space 53760K, 0% used [0x00000007b9700000,0x00000007b9700000,0x00000007bcb80000)
 ParOldGen       total 524288K, used 94218K [0x0000000790000000, 0x00000007b0000000, 0x00000007b0000000)
  object space 524288K, 17% used [0x0000000790000000,0x0000000795c028b0,0x00000007b0000000)
 Metaspace       used 71955K, capacity 76240K, committed 76416K, reserved 1114112K
  class space    used 9584K, capacity 10845K, committed 10880K, reserved 1048576K
GC Heap History (10 events):
Event: 56.331 GC heap before
{Heap before GC invocations=31 (full 3):
 PSYoungGen      total 215552K, used 195072K [0x00000007b0000000, 0x00000007c0000000, 0x00000007c0000000)
  eden space 171520K, 100% used [0x00000007b0000000,0x00000007ba780000,0x00000007ba780000)
  from space 44032K, 53% used [0x00000007ba780000,0x00000007bbe80298,0x00000007bd280000)
  to   space 43008K, 0% used [0x00000007bd600000,0x00000007bd600000,0x00000007c0000000)
 ParOldGen       total 524288K, used 94178K [0x0000000790000000, 0x00000007b0000000, 0x00000007b0000000)
  object space 524288K, 17% used [0x0000000790000000,0x0000000795bf88b0,0x00000007b0000000)
 Metaspace       used 68326K, capacity 71510K, committed 71808K, reserved 1112064K
  class space    used 8974K, capacity 10029K, committed 10112K, reserved 1048576K
Event: 56.344 GC heap after
Heap after GC invocations=31 (full 3):
 PSYoungGen      total 218112K, used 27045K [0x00000007b0000000, 0x00000007c0000000, 0x00000007c0000000)
  eden space 175104K, 0% used [0x00000007b0000000,0x00000007b0000000,0x00000007bab00000)
  from space 43008K, 62% used [0x00000007bd600000,0x00000007bf069638,0x00000007c0000000)
  to   space 43520K, 0% used [0x00000007bab00000,0x00000007bab00000,0x00000007bd580000)
 ParOldGen       total 524288K, used 94186K [0x0000000790000000, 0x00000007b0000000, 0x00000007b0000000)
  object space 524288K, 17% used [0x0000000790000000,0x0000000795bfa8b0,0x00000007b0000000)
 Metaspace       used 68326K, capacity 71510K, committed 71808K, reserved 1112064K
  class space    used 8974K, capacity 10029K, committed 10112K, reserved 1048576K
}
Event: 58.639 GC heap before
{Heap before GC invocations=32 (full 3):
 PSYoungGen      total 218112K, used 202149K [0x00000007b0000000, 0x00000007c0000000, 0x00000007c0000000)
  eden space 175104K, 100% used [0x00000007b0000000,0x00000007bab00000,0x00000007bab00000)
  from space 43008K, 62% used [0x00000007bd600000,0x00000007bf069638,0x00000007c0000000)
  to   space 43520K, 0% used [0x00000007bab00000,0x00000007bab00000,0x00000007bd580000)
 ParOldGen       total 524288K, used 94186K [0x0000000790000000, 0x00000007b0000000, 0x00000007b0000000)
  object space 524288K, 17% used [0x0000000790000000,0x0000000795bfa8b0,0x00000007b0000000)
 Metaspace       used 68874K, capacity 72236K, committed 72448K, reserved 1112064K
  class space    used 9087K, capacity 10177K, committed 10240K, reserved 1048576K
Event: 58.652 GC heap after
Heap after GC invocations=32 (full 3):
 PSYoungGen      total 205312K, used 29829K [0x00000007b0000000, 0x00000007c0000000, 0x00000007c0000000)
  eden space 175104K, 0% used [0x00000007b0000000,0x00000007b0000000,0x00000007bab00000)
  from space 30208K, 98% used [0x00000007bab00000,0x00000007bc821638,0x00000007bc880000)
  to   space 44544K, 0% used [0x00000007bd480000,0x00000007bd480000,0x00000007c0000000)
 ParOldGen       total 524288K, used 94194K [0x0000000790000000, 0x00000007b0000000, 0x00000007b0000000)
  object space 524288K, 17% used [0x0000000790000000,0x0000000795bfc8b0,0x00000007b0000000)
 Metaspace       used 68874K, capacity 72236K, committed 72448K, reserved 1112064K
  class space    used 9087K, capacity 10177K, committed 10240K, reserved 1048576K
}
Event: 64.918 GC heap before
{Heap before GC invocations=33 (full 3):
 PSYoungGen      total 205312K, used 204913K [0x00000007b0000000, 0x00000007c0000000, 0x00000007c0000000)
  eden space 175104K, 99% used [0x00000007b0000000,0x00000007baafb0d0,0x00000007bab00000)
  from space 30208K, 98% used [0x00000007bab00000,0x00000007bc821638,0x00000007bc880000)
  to   space 44544K, 0% used [0x00000007bd480000,0x00000007bd480000,0x00000007c0000000)
 ParOldGen       total 524288K, used 94194K [0x0000000790000000, 0x00000007b0000000, 0x00000007b0000000)
  object space 524288K, 17% used [0x0000000790000000,0x0000000795bfc8b0,0x00000007b0000000)
 Metaspace       used 69866K, capacity 73560K, committed 73728K, reserved 1112064K
  class space    used 9283K, capacity 10449K, committed 10496K, reserved 1048576K
Event: 64.933 GC heap after
Heap after GC invocations=33 (full 3):
 PSYoungGen      total 213504K, used 33979K [0x00000007b0000000, 0x00000007c0000000, 0x00000007c0000000)
  eden space 168960K, 0% used [0x00000007b0000000,0x00000007b0000000,0x00000007ba500000)
  from space 44544K, 76% used [0x00000007bd480000,0x00000007bf5aec28,0x00000007c0000000)
  to   space 46592K, 0% used [0x00000007ba500000,0x00000007ba500000,0x00000007bd280000)
 ParOldGen       total 524288K, used 94202K [0x0000000790000000, 0x00000007b0000000, 0x00000007b0000000)
  object space 524288K, 17% used [0x0000000790000000,0x0000000795bfe8b0,0x00000007b0000000)
 Metaspace       used 69866K, capacity 73560K, committed 73728K, reserved 1112064K
  class space    used 9283K, capacity 10449K, committed 10496K, reserved 1048576K
}
Event: 74.031 GC heap before
{Heap before GC invocations=34 (full 3):
 PSYoungGen      total 213504K, used 202939K [0x00000007b0000000, 0x00000007c0000000, 0x00000007c0000000)
  eden space 168960K, 100% used [0x00000007b0000000,0x00000007ba500000,0x00000007ba500000)
  from space 44544K, 76% used [0x00000007bd480000,0x00000007bf5aec28,0x00000007c0000000)
  to   space 46592K, 0% used [0x00000007ba500000,0x00000007ba500000,0x00000007bd280000)
 ParOldGen       total 524288K, used 94202K [0x0000000790000000, 0x00000007b0000000, 0x00000007b0000000)
  object space 524288K, 17% used [0x0000000790000000,0x0000000795bfe8b0,0x00000007b0000000)
 Metaspace       used 70173K, capacity 74146K, committed 74368K, reserved 1114112K
  class space    used 9351K, capacity 10548K, committed 10624K, reserved 1048576K
Event: 74.046 GC heap after
Heap after GC invocations=34 (full 3):
 PSYoungGen      total 204288K, used 35079K [0x00000007b0000000, 0x00000007c0000000, 0x00000007c0000000)
  eden space 168960K, 0% used [0x00000007b0000000,0x00000007b0000000,0x00000007ba500000)
  from space 35328K, 99% used [0x00000007ba500000,0x00000007bc741e30,0x00000007bc780000)
  to   space 48640K, 0% used [0x00000007bd080000,0x00000007bd080000,0x00000007c0000000)
 ParOldGen       total 524288K, used 94210K [0x0000000790000000, 0x00000007b0000000, 0x00000007b0000000)
  object space 524288K, 17% used [0x0000000790000000,0x0000000795c008b0,0x00000007b0000000)
 Metaspace       used 70173K, capacity 74146K, committed 74368K, reserved 1114112K
  class space    used 9351K, capacity 10548K, committed 10624K, reserved 1048576K
}
Event: 183.244 GC heap before
{Heap before GC invocations=35 (full 3):
 PSYoungGen      total 204288K, used 204039K [0x00000007b0000000, 0x00000007c0000000, 0x00000007c0000000)
  eden space 168960K, 100% used [0x00000007b0000000,0x00000007ba500000,0x00000007ba500000)
  from space 35328K, 99% used [0x00000007ba500000,0x00000007bc741e30,0x00000007bc780000)
  to   space 48640K, 0% used [0x00000007bd080000,0x00000007bd080000,0x00000007c0000000)
 ParOldGen       total 524288K, used 94210K [0x0000000790000000, 0x00000007b0000000, 0x00000007b0000000)
  object space 524288K, 17% used [0x0000000790000000,0x0000000795c008b0,0x00000007b0000000)
 Metaspace       used 71587K, capacity 75782K, committed 76160K, reserved 1114112K
  class space    used 9502K, capacity 10754K, committed 10880K, reserved 1048576K
Event: 183.267 GC heap after
Heap after GC invocations=35 (full 3):
 PSYoungGen      total 203264K, used 45348K [0x00000007b0000000, 0x00000007c0000000, 0x00000007c0000000)
  eden space 154624K, 0% used [0x00000007b0000000,0x00000007b0000000,0x00000007b9700000)
  from space 48640K, 93% used [0x00000007bd080000,0x00000007bfcc92c0,0x00000007c0000000)
  to   space 53760K, 0% used [0x00000007b9700000,0x00000007b9700000,0x00000007bcb80000)
 ParOldGen       total 524288K, used 94218K [0x0000000790000000, 0x00000007b0000000, 0x00000007b0000000)
  object space 524288K, 17% used [0x0000000790000000,0x0000000795c028b0,0x00000007b0000000)
 Metaspace       used 71587K, capacity 75782K, committed 76160K, reserved 1114112K
  class space    used 9502K, capacity 10754K, committed 10880K, reserved 1048576K
}

